{"C:\\Users\\fejzi\\chokosfera\\order.js": {"path":"C:\\Users\\fejzi\\chokosfera\\order.js","statementMap":{"0":{"start":{"line":1,"column":21},"end":{"line":11,"column":4}},"1":{"start":{"line":2,"column":13},"end":{"line":2,"column":37}},"2":{"start":{"line":3,"column":13},"end":{"line":3,"column":33}},"3":{"start":{"line":4,"column":2},"end":{"line":6,"column":3}},"4":{"start":{"line":5,"column":4},"end":{"line":5,"column":35}},"5":{"start":{"line":7,"column":2},"end":{"line":9,"column":3}},"6":{"start":{"line":8,"column":4},"end":{"line":8,"column":35}},"7":{"start":{"line":10,"column":2},"end":{"line":10,"column":12}},"8":{"start":{"line":15,"column":4},"end":{"line":15,"column":17}},"9":{"start":{"line":16,"column":4},"end":{"line":16,"column":23}},"10":{"start":{"line":17,"column":4},"end":{"line":17,"column":23}},"11":{"start":{"line":18,"column":4},"end":{"line":18,"column":25}},"12":{"start":{"line":19,"column":4},"end":{"line":19,"column":25}},"13":{"start":{"line":20,"column":4},"end":{"line":20,"column":59}},"14":{"start":{"line":26,"column":16},"end":{"line":36,"column":6}},"15":{"start":{"line":37,"column":4},"end":{"line":37,"column":57}},"16":{"start":{"line":37,"column":17},"end":{"line":37,"column":57}},"17":{"start":{"line":38,"column":17},"end":{"line":38,"column":33}},"18":{"start":{"line":39,"column":4},"end":{"line":39,"column":22}},"19":{"start":{"line":43,"column":17},"end":{"line":43,"column":21}},"20":{"start":{"line":44,"column":4},"end":{"line":47,"column":18}},"21":{"start":{"line":45,"column":20},"end":{"line":45,"column":58}},"22":{"start":{"line":46,"column":6},"end":{"line":46,"column":47}},"23":{"start":{"line":46,"column":17},"end":{"line":46,"column":47}},"24":{"start":{"line":48,"column":16},"end":{"line":48,"column":101}},"25":{"start":{"line":49,"column":16},"end":{"line":49,"column":32}},"26":{"start":{"line":50,"column":4},"end":{"line":50,"column":59}},"27":{"start":{"line":50,"column":17},"end":{"line":50,"column":59}},"28":{"start":{"line":51,"column":4},"end":{"line":51,"column":28}},"29":{"start":{"line":55,"column":16},"end":{"line":55,"column":96}},"30":{"start":{"line":56,"column":4},"end":{"line":56,"column":59}},"31":{"start":{"line":56,"column":17},"end":{"line":56,"column":59}},"32":{"start":{"line":57,"column":4},"end":{"line":57,"column":28}},"33":{"start":{"line":61,"column":25},"end":{"line":61,"column":41}},"34":{"start":{"line":63,"column":31},"end":{"line":70,"column":1}},"35":{"start":{"line":74,"column":4},"end":{"line":74,"column":33}},"36":{"start":{"line":75,"column":4},"end":{"line":75,"column":32}},"37":{"start":{"line":79,"column":4},"end":{"line":92,"column":5}},"38":{"start":{"line":80,"column":20},"end":{"line":80,"column":58}},"39":{"start":{"line":81,"column":6},"end":{"line":81,"column":28}},"40":{"start":{"line":81,"column":18},"end":{"line":81,"column":28}},"41":{"start":{"line":82,"column":21},"end":{"line":82,"column":38}},"42":{"start":{"line":83,"column":6},"end":{"line":89,"column":15}},"43":{"start":{"line":83,"column":57},"end":{"line":89,"column":7}},"44":{"start":{"line":91,"column":6},"end":{"line":91,"column":16}},"45":{"start":{"line":96,"column":4},"end":{"line":100,"column":5}},"46":{"start":{"line":97,"column":6},"end":{"line":97,"column":72}},"47":{"start":{"line":104,"column":21},"end":{"line":104,"column":45}},"48":{"start":{"line":105,"column":22},"end":{"line":105,"column":45}},"49":{"start":{"line":106,"column":27},"end":{"line":112,"column":5}},"50":{"start":{"line":113,"column":4},"end":{"line":117,"column":5}},"51":{"start":{"line":114,"column":6},"end":{"line":114,"column":50}},"52":{"start":{"line":116,"column":6},"end":{"line":116,"column":39}},"53":{"start":{"line":118,"column":4},"end":{"line":118,"column":35}},"54":{"start":{"line":119,"column":4},"end":{"line":119,"column":20}},"55":{"start":{"line":123,"column":4},"end":{"line":123,"column":55}},"56":{"start":{"line":123,"column":48},"end":{"line":123,"column":55}},"57":{"start":{"line":124,"column":4},"end":{"line":124,"column":31}},"58":{"start":{"line":125,"column":4},"end":{"line":125,"column":20}},"59":{"start":{"line":129,"column":4},"end":{"line":129,"column":81}},"60":{"start":{"line":129,"column":45},"end":{"line":129,"column":76}},"61":{"start":{"line":133,"column":4},"end":{"line":133,"column":65}},"62":{"start":{"line":133,"column":32},"end":{"line":133,"column":65}},"63":{"start":{"line":134,"column":18},"end":{"line":134,"column":39}},"64":{"start":{"line":135,"column":18},"end":{"line":135,"column":75}},"65":{"start":{"line":136,"column":4},"end":{"line":136,"column":40}},"66":{"start":{"line":137,"column":4},"end":{"line":137,"column":32}},"67":{"start":{"line":138,"column":18},"end":{"line":138,"column":56}},"68":{"start":{"line":139,"column":4},"end":{"line":139,"column":19}},"69":{"start":{"line":140,"column":4},"end":{"line":140,"column":20}},"70":{"start":{"line":141,"column":4},"end":{"line":141,"column":17}},"71":{"start":{"line":145,"column":4},"end":{"line":145,"column":54}},"72":{"start":{"line":149,"column":4},"end":{"line":149,"column":48}},"73":{"start":{"line":155,"column":4},"end":{"line":155,"column":27}},"74":{"start":{"line":156,"column":4},"end":{"line":156,"column":42}},"75":{"start":{"line":157,"column":4},"end":{"line":164,"column":6}},"76":{"start":{"line":165,"column":4},"end":{"line":165,"column":76}},"77":{"start":{"line":166,"column":4},"end":{"line":166,"column":82}},"78":{"start":{"line":167,"column":4},"end":{"line":167,"column":39}},"79":{"start":{"line":171,"column":4},"end":{"line":171,"column":33}},"80":{"start":{"line":172,"column":4},"end":{"line":172,"column":22}},"81":{"start":{"line":176,"column":4},"end":{"line":176,"column":39}},"82":{"start":{"line":177,"column":4},"end":{"line":177,"column":22}},"83":{"start":{"line":181,"column":4},"end":{"line":181,"column":41}},"84":{"start":{"line":185,"column":4},"end":{"line":191,"column":22}},"85":{"start":{"line":186,"column":20},"end":{"line":186,"column":58}},"86":{"start":{"line":187,"column":6},"end":{"line":190,"column":7}},"87":{"start":{"line":188,"column":21},"end":{"line":188,"column":38}},"88":{"start":{"line":189,"column":8},"end":{"line":189,"column":44}},"89":{"start":{"line":189,"column":29},"end":{"line":189,"column":44}},"90":{"start":{"line":192,"column":4},"end":{"line":192,"column":19}},"91":{"start":{"line":196,"column":4},"end":{"line":198,"column":5}},"92":{"start":{"line":197,"column":6},"end":{"line":197,"column":47}},"93":{"start":{"line":199,"column":20},"end":{"line":199,"column":44}},"94":{"start":{"line":200,"column":23},"end":{"line":200,"column":64}},"95":{"start":{"line":201,"column":25},"end":{"line":201,"column":85}},"96":{"start":{"line":202,"column":22},"end":{"line":202,"column":38}},"97":{"start":{"line":203,"column":4},"end":{"line":203,"column":56}},"98":{"start":{"line":204,"column":4},"end":{"line":204,"column":40}},"99":{"start":{"line":208,"column":4},"end":{"line":214,"column":10}},"100":{"start":{"line":209,"column":6},"end":{"line":209,"column":34}},"101":{"start":{"line":209,"column":21},"end":{"line":209,"column":34}},"102":{"start":{"line":210,"column":21},"end":{"line":210,"column":48}},"103":{"start":{"line":211,"column":6},"end":{"line":211,"column":32}},"104":{"start":{"line":211,"column":19},"end":{"line":211,"column":32}},"105":{"start":{"line":212,"column":21},"end":{"line":212,"column":43}},"106":{"start":{"line":213,"column":6},"end":{"line":213,"column":68}},"107":{"start":{"line":218,"column":4},"end":{"line":218,"column":41}},"108":{"start":{"line":218,"column":34},"end":{"line":218,"column":41}},"109":{"start":{"line":219,"column":4},"end":{"line":219,"column":43}},"110":{"start":{"line":221,"column":26},"end":{"line":221,"column":103}},"111":{"start":{"line":221,"column":90},"end":{"line":221,"column":102}},"112":{"start":{"line":222,"column":4},"end":{"line":225,"column":5}},"113":{"start":{"line":223,"column":6},"end":{"line":223,"column":69}},"114":{"start":{"line":224,"column":6},"end":{"line":224,"column":13}},"115":{"start":{"line":227,"column":4},"end":{"line":241,"column":7}},"116":{"start":{"line":228,"column":21},"end":{"line":228,"column":48}},"117":{"start":{"line":229,"column":6},"end":{"line":229,"column":26}},"118":{"start":{"line":229,"column":19},"end":{"line":229,"column":26}},"119":{"start":{"line":230,"column":19},"end":{"line":230,"column":48}},"120":{"start":{"line":231,"column":6},"end":{"line":231,"column":38}},"121":{"start":{"line":232,"column":6},"end":{"line":235,"column":8}},"122":{"start":{"line":236,"column":6},"end":{"line":239,"column":9}},"123":{"start":{"line":237,"column":8},"end":{"line":237,"column":40}},"124":{"start":{"line":238,"column":8},"end":{"line":238,"column":33}},"125":{"start":{"line":240,"column":6},"end":{"line":240,"column":48}},"126":{"start":{"line":245,"column":4},"end":{"line":245,"column":44}},"127":{"start":{"line":245,"column":37},"end":{"line":245,"column":44}},"128":{"start":{"line":246,"column":18},"end":{"line":246,"column":50}},"129":{"start":{"line":247,"column":4},"end":{"line":247,"column":70}},"130":{"start":{"line":251,"column":23},"end":{"line":251,"column":61}},"131":{"start":{"line":252,"column":18},"end":{"line":252,"column":59}},"132":{"start":{"line":253,"column":26},"end":{"line":253,"column":28}},"133":{"start":{"line":254,"column":22},"end":{"line":254,"column":24}},"134":{"start":{"line":256,"column":4},"end":{"line":269,"column":7}},"135":{"start":{"line":257,"column":23},"end":{"line":257,"column":68}},"136":{"start":{"line":258,"column":6},"end":{"line":258,"column":33}},"137":{"start":{"line":258,"column":26},"end":{"line":258,"column":33}},"138":{"start":{"line":260,"column":21},"end":{"line":260,"column":43}},"139":{"start":{"line":261,"column":24},"end":{"line":261,"column":70}},"140":{"start":{"line":262,"column":6},"end":{"line":267,"column":9}},"141":{"start":{"line":268,"column":6},"end":{"line":268,"column":56}},"142":{"start":{"line":271,"column":4},"end":{"line":274,"column":5}},"143":{"start":{"line":272,"column":6},"end":{"line":272,"column":60}},"144":{"start":{"line":273,"column":6},"end":{"line":273,"column":13}},"145":{"start":{"line":276,"column":29},"end":{"line":276,"column":59}},"146":{"start":{"line":277,"column":18},"end":{"line":277,"column":50}},"147":{"start":{"line":278,"column":24},"end":{"line":278,"column":117}},"148":{"start":{"line":279,"column":28},"end":{"line":284,"column":5}},"149":{"start":{"line":285,"column":4},"end":{"line":291,"column":7}},"150":{"start":{"line":292,"column":4},"end":{"line":292,"column":22}},"151":{"start":{"line":293,"column":4},"end":{"line":293,"column":28}},"152":{"start":{"line":297,"column":17},"end":{"line":297,"column":41}},"153":{"start":{"line":298,"column":4},"end":{"line":298,"column":47}},"154":{"start":{"line":298,"column":40},"end":{"line":298,"column":47}},"155":{"start":{"line":300,"column":28},"end":{"line":300,"column":48}},"156":{"start":{"line":301,"column":4},"end":{"line":308,"column":6}},"157":{"start":{"line":310,"column":23},"end":{"line":310,"column":61}},"158":{"start":{"line":311,"column":4},"end":{"line":311,"column":67}},"159":{"start":{"line":311,"column":20},"end":{"line":311,"column":67}},"160":{"start":{"line":313,"column":4},"end":{"line":317,"column":6}},"161":{"start":{"line":319,"column":4},"end":{"line":319,"column":39}},"162":{"start":{"line":320,"column":4},"end":{"line":320,"column":29}},"163":{"start":{"line":324,"column":4},"end":{"line":331,"column":6}},"164":{"start":{"line":332,"column":4},"end":{"line":332,"column":39}},"165":{"start":{"line":333,"column":4},"end":{"line":333,"column":29}},"166":{"start":{"line":334,"column":23},"end":{"line":334,"column":61}},"167":{"start":{"line":335,"column":4},"end":{"line":335,"column":42}},"168":{"start":{"line":335,"column":20},"end":{"line":335,"column":42}},"169":{"start":{"line":339,"column":4},"end":{"line":339,"column":46}},"170":{"start":{"line":339,"column":39},"end":{"line":339,"column":46}},"171":{"start":{"line":341,"column":21},"end":{"line":341,"column":100}},"172":{"start":{"line":342,"column":4},"end":{"line":354,"column":7}},"173":{"start":{"line":343,"column":6},"end":{"line":353,"column":9}},"174":{"start":{"line":344,"column":23},"end":{"line":344,"column":57}},"175":{"start":{"line":345,"column":8},"end":{"line":345,"column":63}},"176":{"start":{"line":345,"column":56},"end":{"line":345,"column":63}},"177":{"start":{"line":347,"column":23},"end":{"line":347,"column":53}},"178":{"start":{"line":348,"column":24},"end":{"line":348,"column":59}},"179":{"start":{"line":349,"column":23},"end":{"line":349,"column":101}},"180":{"start":{"line":350,"column":26},"end":{"line":350,"column":55}},"181":{"start":{"line":351,"column":8},"end":{"line":351,"column":51}},"182":{"start":{"line":352,"column":8},"end":{"line":352,"column":33}},"183":{"start":{"line":356,"column":22},"end":{"line":356,"column":69}},"184":{"start":{"line":357,"column":4},"end":{"line":359,"column":5}},"185":{"start":{"line":358,"column":6},"end":{"line":358,"column":71}},"186":{"start":{"line":358,"column":48},"end":{"line":358,"column":69}},"187":{"start":{"line":361,"column":24},"end":{"line":361,"column":73}},"188":{"start":{"line":362,"column":4},"end":{"line":364,"column":5}},"189":{"start":{"line":363,"column":6},"end":{"line":363,"column":75}},"190":{"start":{"line":363,"column":50},"end":{"line":363,"column":73}},"191":{"start":{"line":366,"column":4},"end":{"line":366,"column":41}},"192":{"start":{"line":370,"column":4},"end":{"line":373,"column":7}},"193":{"start":{"line":371,"column":27},"end":{"line":371,"column":65}},"194":{"start":{"line":372,"column":6},"end":{"line":372,"column":65}},"195":{"start":{"line":372,"column":24},"end":{"line":372,"column":65}},"196":{"start":{"line":374,"column":4},"end":{"line":374,"column":36}},"197":{"start":{"line":375,"column":4},"end":{"line":375,"column":41}},"198":{"start":{"line":379,"column":4},"end":{"line":405,"column":5}},"199":{"start":{"line":380,"column":19},"end":{"line":380,"column":23}},"200":{"start":{"line":381,"column":18},"end":{"line":381,"column":22}},"201":{"start":{"line":382,"column":6},"end":{"line":389,"column":20}},"202":{"start":{"line":383,"column":22},"end":{"line":383,"column":60}},"203":{"start":{"line":384,"column":8},"end":{"line":388,"column":9}},"204":{"start":{"line":385,"column":23},"end":{"line":385,"column":40}},"205":{"start":{"line":386,"column":10},"end":{"line":386,"column":27}},"206":{"start":{"line":387,"column":10},"end":{"line":387,"column":29}},"207":{"start":{"line":391,"column":22},"end":{"line":391,"column":26}},"208":{"start":{"line":392,"column":6},"end":{"line":397,"column":20}},"209":{"start":{"line":393,"column":26},"end":{"line":393,"column":62}},"210":{"start":{"line":394,"column":8},"end":{"line":396,"column":9}},"211":{"start":{"line":395,"column":10},"end":{"line":395,"column":38}},"212":{"start":{"line":399,"column":6},"end":{"line":399,"column":62}},"213":{"start":{"line":400,"column":6},"end":{"line":400,"column":42}},"214":{"start":{"line":401,"column":6},"end":{"line":401,"column":24}},"215":{"start":{"line":402,"column":6},"end":{"line":402,"column":30}},"216":{"start":{"line":404,"column":6},"end":{"line":404,"column":55}},"217":{"start":{"line":409,"column":4},"end":{"line":414,"column":5}},"218":{"start":{"line":410,"column":6},"end":{"line":410,"column":46}},"219":{"start":{"line":411,"column":6},"end":{"line":411,"column":30}},"220":{"start":{"line":413,"column":6},"end":{"line":413,"column":56}},"221":{"start":{"line":418,"column":19},"end":{"line":418,"column":50}},"222":{"start":{"line":419,"column":4},"end":{"line":419,"column":30}},"223":{"start":{"line":423,"column":26},"end":{"line":423,"column":66}},"224":{"start":{"line":424,"column":4},"end":{"line":424,"column":31}},"225":{"start":{"line":424,"column":24},"end":{"line":424,"column":31}},"226":{"start":{"line":425,"column":4},"end":{"line":425,"column":33}},"227":{"start":{"line":426,"column":4},"end":{"line":466,"column":7}},"228":{"start":{"line":427,"column":18},"end":{"line":427,"column":47}},"229":{"start":{"line":428,"column":6},"end":{"line":428,"column":34}},"230":{"start":{"line":429,"column":6},"end":{"line":429,"column":33}},"231":{"start":{"line":430,"column":6},"end":{"line":430,"column":38}},"232":{"start":{"line":431,"column":6},"end":{"line":431,"column":49}},"233":{"start":{"line":432,"column":6},"end":{"line":432,"column":29}},"234":{"start":{"line":434,"column":22},"end":{"line":434,"column":51}},"235":{"start":{"line":435,"column":6},"end":{"line":435,"column":31}},"236":{"start":{"line":436,"column":23},"end":{"line":436,"column":47}},"237":{"start":{"line":437,"column":25},"end":{"line":437,"column":48}},"238":{"start":{"line":438,"column":19},"end":{"line":438,"column":67}},"239":{"start":{"line":439,"column":6},"end":{"line":439,"column":92}},"240":{"start":{"line":441,"column":22},"end":{"line":441,"column":51}},"241":{"start":{"line":442,"column":6},"end":{"line":442,"column":37}},"242":{"start":{"line":443,"column":6},"end":{"line":443,"column":32}},"243":{"start":{"line":444,"column":6},"end":{"line":444,"column":42}},"244":{"start":{"line":446,"column":22},"end":{"line":446,"column":54}},"245":{"start":{"line":447,"column":6},"end":{"line":447,"column":30}},"246":{"start":{"line":448,"column":6},"end":{"line":448,"column":46}},"247":{"start":{"line":449,"column":6},"end":{"line":449,"column":35}},"248":{"start":{"line":450,"column":6},"end":{"line":450,"column":61}},"249":{"start":{"line":450,"column":30},"end":{"line":450,"column":60}},"250":{"start":{"line":452,"column":24},"end":{"line":452,"column":56}},"251":{"start":{"line":453,"column":6},"end":{"line":453,"column":32}},"252":{"start":{"line":454,"column":6},"end":{"line":454,"column":45}},"253":{"start":{"line":455,"column":6},"end":{"line":455,"column":39}},"254":{"start":{"line":456,"column":6},"end":{"line":456,"column":59}},"255":{"start":{"line":456,"column":32},"end":{"line":456,"column":58}},"256":{"start":{"line":458,"column":6},"end":{"line":462,"column":7}},"257":{"start":{"line":459,"column":8},"end":{"line":459,"column":43}},"258":{"start":{"line":461,"column":8},"end":{"line":461,"column":34}},"259":{"start":{"line":464,"column":6},"end":{"line":464,"column":35}},"260":{"start":{"line":465,"column":6},"end":{"line":465,"column":37}},"261":{"start":{"line":467,"column":4},"end":{"line":469,"column":5}},"262":{"start":{"line":468,"column":6},"end":{"line":468,"column":77}},"263":{"start":{"line":470,"column":21},"end":{"line":470,"column":57}},"264":{"start":{"line":471,"column":4},"end":{"line":471,"column":87}},"265":{"start":{"line":471,"column":18},"end":{"line":471,"column":87}},"266":{"start":{"line":475,"column":28},"end":{"line":475,"column":70}},"267":{"start":{"line":476,"column":4},"end":{"line":476,"column":33}},"268":{"start":{"line":476,"column":26},"end":{"line":476,"column":33}},"269":{"start":{"line":477,"column":4},"end":{"line":477,"column":35}},"270":{"start":{"line":478,"column":4},"end":{"line":481,"column":5}},"271":{"start":{"line":479,"column":6},"end":{"line":479,"column":65}},"272":{"start":{"line":480,"column":6},"end":{"line":480,"column":13}},"273":{"start":{"line":482,"column":4},"end":{"line":497,"column":7}},"274":{"start":{"line":483,"column":18},"end":{"line":483,"column":47}},"275":{"start":{"line":484,"column":6},"end":{"line":484,"column":35}},"276":{"start":{"line":485,"column":24},"end":{"line":485,"column":50}},"277":{"start":{"line":486,"column":24},"end":{"line":486,"column":63}},"278":{"start":{"line":486,"column":45},"end":{"line":486,"column":51}},"279":{"start":{"line":487,"column":26},"end":{"line":487,"column":102}},"280":{"start":{"line":488,"column":6},"end":{"line":495,"column":8}},"281":{"start":{"line":496,"column":6},"end":{"line":496,"column":39}},"282":{"start":{"line":501,"column":0},"end":{"line":527,"column":1}},"283":{"start":{"line":508,"column":21},"end":{"line":508,"column":42}},"284":{"start":{"line":509,"column":18},"end":{"line":509,"column":46}},"285":{"start":{"line":510,"column":24},"end":{"line":510,"column":52}},"286":{"start":{"line":512,"column":2},"end":{"line":512,"column":39}},"287":{"start":{"line":515,"column":4},"end":{"line":515,"column":44}},"288":{"start":{"line":516,"column":4},"end":{"line":516,"column":38}},"289":{"start":{"line":517,"column":4},"end":{"line":517,"column":31}},"290":{"start":{"line":518,"column":4},"end":{"line":518,"column":31}},"291":{"start":{"line":521,"column":2},"end":{"line":525,"column":3}},"292":{"start":{"line":522,"column":4},"end":{"line":522,"column":71}},"293":{"start":{"line":524,"column":4},"end":{"line":524,"column":26}},"294":{"start":{"line":529,"column":0},"end":{"line":537,"column":1}},"295":{"start":{"line":530,"column":2},"end":{"line":536,"column":4}}},"fnMap":{"0":{"name":"(anonymous_0)","decl":{"start":{"line":1,"column":22},"end":{"line":1,"column":23}},"loc":{"start":{"line":1,"column":34},"end":{"line":11,"column":1}},"line":1},"1":{"name":"(anonymous_1)","decl":{"start":{"line":14,"column":2},"end":{"line":14,"column":3}},"loc":{"start":{"line":14,"column":85},"end":{"line":21,"column":3}},"line":14},"2":{"name":"(anonymous_2)","decl":{"start":{"line":25,"column":2},"end":{"line":25,"column":3}},"loc":{"start":{"line":25,"column":25},"end":{"line":40,"column":3}},"line":25},"3":{"name":"(anonymous_3)","decl":{"start":{"line":42,"column":2},"end":{"line":42,"column":3}},"loc":{"start":{"line":42,"column":23},"end":{"line":52,"column":3}},"line":42},"4":{"name":"(anonymous_4)","decl":{"start":{"line":54,"column":2},"end":{"line":54,"column":3}},"loc":{"start":{"line":54,"column":29},"end":{"line":58,"column":3}},"line":54},"5":{"name":"(anonymous_5)","decl":{"start":{"line":73,"column":2},"end":{"line":73,"column":3}},"loc":{"start":{"line":73,"column":26},"end":{"line":76,"column":3}},"line":73},"6":{"name":"(anonymous_6)","decl":{"start":{"line":78,"column":2},"end":{"line":78,"column":3}},"loc":{"start":{"line":78,"column":13},"end":{"line":93,"column":3}},"line":78},"7":{"name":"(anonymous_7)","decl":{"start":{"line":83,"column":48},"end":{"line":83,"column":49}},"loc":{"start":{"line":83,"column":57},"end":{"line":89,"column":7}},"line":83},"8":{"name":"(anonymous_8)","decl":{"start":{"line":95,"column":2},"end":{"line":95,"column":3}},"loc":{"start":{"line":95,"column":13},"end":{"line":101,"column":3}},"line":95},"9":{"name":"(anonymous_9)","decl":{"start":{"line":103,"column":2},"end":{"line":103,"column":3}},"loc":{"start":{"line":103,"column":18},"end":{"line":120,"column":3}},"line":103},"10":{"name":"(anonymous_10)","decl":{"start":{"line":122,"column":2},"end":{"line":122,"column":3}},"loc":{"start":{"line":122,"column":24},"end":{"line":126,"column":3}},"line":122},"11":{"name":"(anonymous_11)","decl":{"start":{"line":128,"column":2},"end":{"line":128,"column":3}},"loc":{"start":{"line":128,"column":19},"end":{"line":130,"column":3}},"line":128},"12":{"name":"(anonymous_12)","decl":{"start":{"line":129,"column":28},"end":{"line":129,"column":29}},"loc":{"start":{"line":129,"column":45},"end":{"line":129,"column":76}},"line":129},"13":{"name":"(anonymous_13)","decl":{"start":{"line":132,"column":2},"end":{"line":132,"column":3}},"loc":{"start":{"line":132,"column":66},"end":{"line":142,"column":3}},"line":132},"14":{"name":"(anonymous_14)","decl":{"start":{"line":144,"column":2},"end":{"line":144,"column":3}},"loc":{"start":{"line":144,"column":29},"end":{"line":146,"column":3}},"line":144},"15":{"name":"(anonymous_15)","decl":{"start":{"line":148,"column":2},"end":{"line":148,"column":3}},"loc":{"start":{"line":148,"column":21},"end":{"line":150,"column":3}},"line":148},"16":{"name":"(anonymous_16)","decl":{"start":{"line":154,"column":2},"end":{"line":154,"column":3}},"loc":{"start":{"line":154,"column":23},"end":{"line":168,"column":3}},"line":154},"17":{"name":"(anonymous_17)","decl":{"start":{"line":170,"column":2},"end":{"line":170,"column":3}},"loc":{"start":{"line":170,"column":18},"end":{"line":173,"column":3}},"line":170},"18":{"name":"(anonymous_18)","decl":{"start":{"line":175,"column":2},"end":{"line":175,"column":3}},"loc":{"start":{"line":175,"column":24},"end":{"line":178,"column":3}},"line":175},"19":{"name":"(anonymous_19)","decl":{"start":{"line":180,"column":2},"end":{"line":180,"column":3}},"loc":{"start":{"line":180,"column":19},"end":{"line":182,"column":3}},"line":180},"20":{"name":"(anonymous_20)","decl":{"start":{"line":184,"column":2},"end":{"line":184,"column":3}},"loc":{"start":{"line":184,"column":22},"end":{"line":193,"column":3}},"line":184},"21":{"name":"(anonymous_21)","decl":{"start":{"line":195,"column":2},"end":{"line":195,"column":3}},"loc":{"start":{"line":195,"column":28},"end":{"line":205,"column":3}},"line":195},"22":{"name":"(anonymous_22)","decl":{"start":{"line":207,"column":2},"end":{"line":207,"column":3}},"loc":{"start":{"line":207,"column":30},"end":{"line":215,"column":3}},"line":207},"23":{"name":"(anonymous_23)","decl":{"start":{"line":208,"column":57},"end":{"line":208,"column":58}},"loc":{"start":{"line":208,"column":85},"end":{"line":214,"column":5}},"line":208},"24":{"name":"(anonymous_24)","decl":{"start":{"line":217,"column":2},"end":{"line":217,"column":3}},"loc":{"start":{"line":217,"column":29},"end":{"line":242,"column":3}},"line":217},"25":{"name":"(anonymous_25)","decl":{"start":{"line":221,"column":72},"end":{"line":221,"column":73}},"loc":{"start":{"line":221,"column":90},"end":{"line":221,"column":102}},"line":221},"26":{"name":"(anonymous_26)","decl":{"start":{"line":227,"column":26},"end":{"line":227,"column":27}},"loc":{"start":{"line":227,"column":47},"end":{"line":241,"column":5}},"line":227},"27":{"name":"(anonymous_27)","decl":{"start":{"line":236,"column":61},"end":{"line":236,"column":62}},"loc":{"start":{"line":236,"column":67},"end":{"line":239,"column":7}},"line":236},"28":{"name":"(anonymous_28)","decl":{"start":{"line":244,"column":2},"end":{"line":244,"column":3}},"loc":{"start":{"line":244,"column":34},"end":{"line":248,"column":3}},"line":244},"29":{"name":"(anonymous_29)","decl":{"start":{"line":250,"column":2},"end":{"line":250,"column":3}},"loc":{"start":{"line":250,"column":19},"end":{"line":294,"column":3}},"line":250},"30":{"name":"(anonymous_30)","decl":{"start":{"line":256,"column":51},"end":{"line":256,"column":52}},"loc":{"start":{"line":256,"column":70},"end":{"line":269,"column":5}},"line":256},"31":{"name":"(anonymous_31)","decl":{"start":{"line":296,"column":2},"end":{"line":296,"column":3}},"loc":{"start":{"line":296,"column":28},"end":{"line":321,"column":3}},"line":296},"32":{"name":"(anonymous_32)","decl":{"start":{"line":323,"column":2},"end":{"line":323,"column":3}},"loc":{"start":{"line":323,"column":21},"end":{"line":336,"column":3}},"line":323},"33":{"name":"(anonymous_33)","decl":{"start":{"line":338,"column":2},"end":{"line":338,"column":3}},"loc":{"start":{"line":338,"column":28},"end":{"line":367,"column":3}},"line":338},"34":{"name":"(anonymous_34)","decl":{"start":{"line":342,"column":21},"end":{"line":342,"column":22}},"loc":{"start":{"line":342,"column":33},"end":{"line":354,"column":5}},"line":342},"35":{"name":"(anonymous_35)","decl":{"start":{"line":343,"column":39},"end":{"line":343,"column":40}},"loc":{"start":{"line":343,"column":45},"end":{"line":353,"column":7}},"line":343},"36":{"name":"(anonymous_36)","decl":{"start":{"line":358,"column":42},"end":{"line":358,"column":43}},"loc":{"start":{"line":358,"column":48},"end":{"line":358,"column":69}},"line":358},"37":{"name":"(anonymous_37)","decl":{"start":{"line":363,"column":44},"end":{"line":363,"column":45}},"loc":{"start":{"line":363,"column":50},"end":{"line":363,"column":73}},"line":363},"38":{"name":"(anonymous_38)","decl":{"start":{"line":369,"column":2},"end":{"line":369,"column":3}},"loc":{"start":{"line":369,"column":22},"end":{"line":376,"column":3}},"line":369},"39":{"name":"(anonymous_39)","decl":{"start":{"line":370,"column":51},"end":{"line":370,"column":52}},"loc":{"start":{"line":370,"column":69},"end":{"line":373,"column":5}},"line":370},"40":{"name":"(anonymous_40)","decl":{"start":{"line":378,"column":2},"end":{"line":378,"column":3}},"loc":{"start":{"line":378,"column":21},"end":{"line":406,"column":3}},"line":378},"41":{"name":"(anonymous_41)","decl":{"start":{"line":408,"column":2},"end":{"line":408,"column":3}},"loc":{"start":{"line":408,"column":29},"end":{"line":415,"column":3}},"line":408},"42":{"name":"(anonymous_42)","decl":{"start":{"line":417,"column":2},"end":{"line":417,"column":3}},"loc":{"start":{"line":417,"column":21},"end":{"line":420,"column":3}},"line":417},"43":{"name":"(anonymous_43)","decl":{"start":{"line":422,"column":2},"end":{"line":422,"column":3}},"loc":{"start":{"line":422,"column":15},"end":{"line":472,"column":3}},"line":422},"44":{"name":"(anonymous_44)","decl":{"start":{"line":426,"column":30},"end":{"line":426,"column":31}},"loc":{"start":{"line":426,"column":47},"end":{"line":466,"column":5}},"line":426},"45":{"name":"(anonymous_45)","decl":{"start":{"line":450,"column":24},"end":{"line":450,"column":25}},"loc":{"start":{"line":450,"column":30},"end":{"line":450,"column":60}},"line":450},"46":{"name":"(anonymous_46)","decl":{"start":{"line":456,"column":26},"end":{"line":456,"column":27}},"loc":{"start":{"line":456,"column":32},"end":{"line":456,"column":58}},"line":456},"47":{"name":"(anonymous_47)","decl":{"start":{"line":474,"column":2},"end":{"line":474,"column":3}},"loc":{"start":{"line":474,"column":23},"end":{"line":498,"column":3}},"line":474},"48":{"name":"(anonymous_48)","decl":{"start":{"line":482,"column":34},"end":{"line":482,"column":35}},"loc":{"start":{"line":482,"column":43},"end":{"line":497,"column":5}},"line":482},"49":{"name":"(anonymous_49)","decl":{"start":{"line":486,"column":40},"end":{"line":486,"column":41}},"loc":{"start":{"line":486,"column":45},"end":{"line":486,"column":51}},"line":486},"50":{"name":"initializeOrderPage","decl":{"start":{"line":514,"column":11},"end":{"line":514,"column":30}},"loc":{"start":{"line":514,"column":33},"end":{"line":519,"column":3}},"line":514}},"branchMap":{"0":{"loc":{"start":{"line":4,"column":2},"end":{"line":6,"column":3}},"type":"if","locations":[{"start":{"line":4,"column":2},"end":{"line":6,"column":3}},{"start":{},"end":{}}],"line":4},"1":{"loc":{"start":{"line":4,"column":6},"end":{"line":4,"column":79}},"type":"binary-expr","locations":[{"start":{"line":4,"column":7},"end":{"line":4,"column":27}},{"start":{"line":4,"column":31},"end":{"line":4,"column":51}},{"start":{"line":4,"column":56},"end":{"line":4,"column":60}},{"start":{"line":4,"column":64},"end":{"line":4,"column":79}}],"line":4},"2":{"loc":{"start":{"line":7,"column":2},"end":{"line":9,"column":3}},"type":"if","locations":[{"start":{"line":7,"column":2},"end":{"line":9,"column":3}},{"start":{},"end":{}}],"line":7},"3":{"loc":{"start":{"line":7,"column":6},"end":{"line":7,"column":61}},"type":"binary-expr","locations":[{"start":{"line":7,"column":7},"end":{"line":7,"column":27}},{"start":{"line":7,"column":31},"end":{"line":7,"column":51}},{"start":{"line":7,"column":56},"end":{"line":7,"column":61}}],"line":7},"4":{"loc":{"start":{"line":14,"column":32},"end":{"line":14,"column":50}},"type":"default-arg","locations":[{"start":{"line":14,"column":41},"end":{"line":14,"column":50}}],"line":14},"5":{"loc":{"start":{"line":14,"column":52},"end":{"line":14,"column":65}},"type":"default-arg","locations":[{"start":{"line":14,"column":61},"end":{"line":14,"column":65}}],"line":14},"6":{"loc":{"start":{"line":14,"column":67},"end":{"line":14,"column":83}},"type":"default-arg","locations":[{"start":{"line":14,"column":79},"end":{"line":14,"column":83}}],"line":14},"7":{"loc":{"start":{"line":20,"column":21},"end":{"line":20,"column":58}},"type":"binary-expr","locations":[{"start":{"line":20,"column":21},"end":{"line":20,"column":30}},{"start":{"line":20,"column":34},"end":{"line":20,"column":58}}],"line":20},"8":{"loc":{"start":{"line":37,"column":4},"end":{"line":37,"column":57}},"type":"if","locations":[{"start":{"line":37,"column":4},"end":{"line":37,"column":57}},{"start":{},"end":{}}],"line":37},"9":{"loc":{"start":{"line":46,"column":6},"end":{"line":46,"column":47}},"type":"if","locations":[{"start":{"line":46,"column":6},"end":{"line":46,"column":47}},{"start":{},"end":{}}],"line":46},"10":{"loc":{"start":{"line":48,"column":16},"end":{"line":48,"column":101}},"type":"cond-expr","locations":[{"start":{"line":48,"column":25},"end":{"line":48,"column":70}},{"start":{"line":48,"column":73},"end":{"line":48,"column":101}}],"line":48},"11":{"loc":{"start":{"line":50,"column":4},"end":{"line":50,"column":59}},"type":"if","locations":[{"start":{"line":50,"column":4},"end":{"line":50,"column":59}},{"start":{},"end":{}}],"line":50},"12":{"loc":{"start":{"line":56,"column":4},"end":{"line":56,"column":59}},"type":"if","locations":[{"start":{"line":56,"column":4},"end":{"line":56,"column":59}},{"start":{},"end":{}}],"line":56},"13":{"loc":{"start":{"line":81,"column":6},"end":{"line":81,"column":28}},"type":"if","locations":[{"start":{"line":81,"column":6},"end":{"line":81,"column":28}},{"start":{},"end":{}}],"line":81},"14":{"loc":{"start":{"line":83,"column":13},"end":{"line":89,"column":14}},"type":"cond-expr","locations":[{"start":{"line":83,"column":37},"end":{"line":89,"column":9}},{"start":{"line":89,"column":12},"end":{"line":89,"column":14}}],"line":83},"15":{"loc":{"start":{"line":85,"column":15},"end":{"line":85,"column":38}},"type":"binary-expr","locations":[{"start":{"line":85,"column":15},"end":{"line":85,"column":33}},{"start":{"line":85,"column":37},"end":{"line":85,"column":38}}],"line":85},"16":{"loc":{"start":{"line":86,"column":16},"end":{"line":86,"column":40}},"type":"binary-expr","locations":[{"start":{"line":86,"column":16},"end":{"line":86,"column":35}},{"start":{"line":86,"column":39},"end":{"line":86,"column":40}}],"line":86},"17":{"loc":{"start":{"line":88,"column":25},"end":{"line":88,"column":53}},"type":"binary-expr","locations":[{"start":{"line":88,"column":25},"end":{"line":88,"column":45}},{"start":{"line":88,"column":49},"end":{"line":88,"column":53}}],"line":88},"18":{"loc":{"start":{"line":104,"column":21},"end":{"line":104,"column":45}},"type":"binary-expr","locations":[{"start":{"line":104,"column":21},"end":{"line":104,"column":40}},{"start":{"line":104,"column":44},"end":{"line":104,"column":45}}],"line":104},"19":{"loc":{"start":{"line":105,"column":22},"end":{"line":105,"column":45}},"type":"binary-expr","locations":[{"start":{"line":105,"column":22},"end":{"line":105,"column":40}},{"start":{"line":105,"column":44},"end":{"line":105,"column":45}}],"line":105},"20":{"loc":{"start":{"line":108,"column":13},"end":{"line":108,"column":49}},"type":"cond-expr","locations":[{"start":{"line":108,"column":28},"end":{"line":108,"column":37}},{"start":{"line":108,"column":40},"end":{"line":108,"column":49}}],"line":108},"21":{"loc":{"start":{"line":111,"column":23},"end":{"line":111,"column":51}},"type":"binary-expr","locations":[{"start":{"line":111,"column":23},"end":{"line":111,"column":43}},{"start":{"line":111,"column":47},"end":{"line":111,"column":51}}],"line":111},"22":{"loc":{"start":{"line":113,"column":4},"end":{"line":117,"column":5}},"type":"if","locations":[{"start":{"line":113,"column":4},"end":{"line":117,"column":5}},{"start":{"line":115,"column":11},"end":{"line":117,"column":5}}],"line":113},"23":{"loc":{"start":{"line":123,"column":4},"end":{"line":123,"column":55}},"type":"if","locations":[{"start":{"line":123,"column":4},"end":{"line":123,"column":55}},{"start":{},"end":{}}],"line":123},"24":{"loc":{"start":{"line":123,"column":8},"end":{"line":123,"column":46}},"type":"binary-expr","locations":[{"start":{"line":123,"column":8},"end":{"line":123,"column":17}},{"start":{"line":123,"column":21},"end":{"line":123,"column":46}}],"line":123},"25":{"loc":{"start":{"line":129,"column":60},"end":{"line":129,"column":75}},"type":"binary-expr","locations":[{"start":{"line":129,"column":60},"end":{"line":129,"column":70}},{"start":{"line":129,"column":74},"end":{"line":129,"column":75}}],"line":129},"26":{"loc":{"start":{"line":132,"column":19},"end":{"line":132,"column":32}},"type":"default-arg","locations":[{"start":{"line":132,"column":28},"end":{"line":132,"column":32}}],"line":132},"27":{"loc":{"start":{"line":132,"column":34},"end":{"line":132,"column":50}},"type":"default-arg","locations":[{"start":{"line":132,"column":46},"end":{"line":132,"column":50}}],"line":132},"28":{"loc":{"start":{"line":132,"column":52},"end":{"line":132,"column":64}},"type":"default-arg","locations":[{"start":{"line":132,"column":60},"end":{"line":132,"column":64}}],"line":132},"29":{"loc":{"start":{"line":133,"column":4},"end":{"line":133,"column":65}},"type":"if","locations":[{"start":{"line":133,"column":4},"end":{"line":133,"column":65}},{"start":{},"end":{}}],"line":133},"30":{"loc":{"start":{"line":136,"column":22},"end":{"line":136,"column":39}},"type":"binary-expr","locations":[{"start":{"line":136,"column":22},"end":{"line":136,"column":31}},{"start":{"line":136,"column":35},"end":{"line":136,"column":39}}],"line":136},"31":{"loc":{"start":{"line":137,"column":18},"end":{"line":137,"column":31}},"type":"binary-expr","locations":[{"start":{"line":137,"column":18},"end":{"line":137,"column":23}},{"start":{"line":137,"column":27},"end":{"line":137,"column":31}}],"line":137},"32":{"loc":{"start":{"line":187,"column":6},"end":{"line":190,"column":7}},"type":"if","locations":[{"start":{"line":187,"column":6},"end":{"line":190,"column":7}},{"start":{},"end":{}}],"line":187},"33":{"loc":{"start":{"line":189,"column":8},"end":{"line":189,"column":44}},"type":"if","locations":[{"start":{"line":189,"column":8},"end":{"line":189,"column":44}},{"start":{},"end":{}}],"line":189},"34":{"loc":{"start":{"line":189,"column":12},"end":{"line":189,"column":27}},"type":"binary-expr","locations":[{"start":{"line":189,"column":12},"end":{"line":189,"column":16}},{"start":{"line":189,"column":20},"end":{"line":189,"column":27}}],"line":189},"35":{"loc":{"start":{"line":196,"column":4},"end":{"line":198,"column":5}},"type":"if","locations":[{"start":{"line":196,"column":4},"end":{"line":198,"column":5}},{"start":{},"end":{}}],"line":196},"36":{"loc":{"start":{"line":196,"column":8},"end":{"line":196,"column":72}},"type":"binary-expr","locations":[{"start":{"line":196,"column":8},"end":{"line":196,"column":35}},{"start":{"line":196,"column":39},"end":{"line":196,"column":72}}],"line":196},"37":{"loc":{"start":{"line":201,"column":41},"end":{"line":201,"column":80}},"type":"binary-expr","locations":[{"start":{"line":201,"column":41},"end":{"line":201,"column":73}},{"start":{"line":201,"column":77},"end":{"line":201,"column":80}}],"line":201},"38":{"loc":{"start":{"line":209,"column":6},"end":{"line":209,"column":34}},"type":"if","locations":[{"start":{"line":209,"column":6},"end":{"line":209,"column":34}},{"start":{},"end":{}}],"line":209},"39":{"loc":{"start":{"line":211,"column":6},"end":{"line":211,"column":32}},"type":"if","locations":[{"start":{"line":211,"column":6},"end":{"line":211,"column":32}},{"start":{},"end":{}}],"line":211},"40":{"loc":{"start":{"line":218,"column":4},"end":{"line":218,"column":41}},"type":"if","locations":[{"start":{"line":218,"column":4},"end":{"line":218,"column":41}},{"start":{},"end":{}}],"line":218},"41":{"loc":{"start":{"line":222,"column":4},"end":{"line":225,"column":5}},"type":"if","locations":[{"start":{"line":222,"column":4},"end":{"line":225,"column":5}},{"start":{},"end":{}}],"line":222},"42":{"loc":{"start":{"line":229,"column":6},"end":{"line":229,"column":26}},"type":"if","locations":[{"start":{"line":229,"column":6},"end":{"line":229,"column":26}},{"start":{},"end":{}}],"line":229},"43":{"loc":{"start":{"line":245,"column":4},"end":{"line":245,"column":44}},"type":"if","locations":[{"start":{"line":245,"column":4},"end":{"line":245,"column":44}},{"start":{},"end":{}}],"line":245},"44":{"loc":{"start":{"line":252,"column":18},"end":{"line":252,"column":59}},"type":"cond-expr","locations":[{"start":{"line":252,"column":31},"end":{"line":252,"column":54}},{"start":{"line":252,"column":57},"end":{"line":252,"column":59}}],"line":252},"45":{"loc":{"start":{"line":257,"column":35},"end":{"line":257,"column":67}},"type":"binary-expr","locations":[{"start":{"line":257,"column":35},"end":{"line":257,"column":62}},{"start":{"line":257,"column":66},"end":{"line":257,"column":67}}],"line":257},"46":{"loc":{"start":{"line":258,"column":6},"end":{"line":258,"column":33}},"type":"if","locations":[{"start":{"line":258,"column":6},"end":{"line":258,"column":33}},{"start":{},"end":{}}],"line":258},"47":{"loc":{"start":{"line":271,"column":4},"end":{"line":274,"column":5}},"type":"if","locations":[{"start":{"line":271,"column":4},"end":{"line":274,"column":5}},{"start":{},"end":{}}],"line":271},"48":{"loc":{"start":{"line":278,"column":49},"end":{"line":278,"column":88}},"type":"cond-expr","locations":[{"start":{"line":278,"column":57},"end":{"line":278,"column":81}},{"start":{"line":278,"column":84},"end":{"line":278,"column":88}}],"line":278},"49":{"loc":{"start":{"line":298,"column":4},"end":{"line":298,"column":47}},"type":"if","locations":[{"start":{"line":298,"column":4},"end":{"line":298,"column":47}},{"start":{},"end":{}}],"line":298},"50":{"loc":{"start":{"line":298,"column":8},"end":{"line":298,"column":38}},"type":"binary-expr","locations":[{"start":{"line":298,"column":8},"end":{"line":298,"column":13}},{"start":{"line":298,"column":17},"end":{"line":298,"column":38}}],"line":298},"51":{"loc":{"start":{"line":302,"column":14},"end":{"line":302,"column":57}},"type":"binary-expr","locations":[{"start":{"line":302,"column":14},"end":{"line":302,"column":52}},{"start":{"line":302,"column":56},"end":{"line":302,"column":57}}],"line":302},"52":{"loc":{"start":{"line":303,"column":17},"end":{"line":303,"column":63}},"type":"binary-expr","locations":[{"start":{"line":303,"column":17},"end":{"line":303,"column":58}},{"start":{"line":303,"column":62},"end":{"line":303,"column":63}}],"line":303},"53":{"loc":{"start":{"line":304,"column":22},"end":{"line":304,"column":73}},"type":"binary-expr","locations":[{"start":{"line":304,"column":22},"end":{"line":304,"column":68}},{"start":{"line":304,"column":72},"end":{"line":304,"column":73}}],"line":304},"54":{"loc":{"start":{"line":305,"column":25},"end":{"line":305,"column":79}},"type":"binary-expr","locations":[{"start":{"line":305,"column":25},"end":{"line":305,"column":74}},{"start":{"line":305,"column":78},"end":{"line":305,"column":79}}],"line":305},"55":{"loc":{"start":{"line":306,"column":18},"end":{"line":306,"column":65}},"type":"binary-expr","locations":[{"start":{"line":306,"column":18},"end":{"line":306,"column":60}},{"start":{"line":306,"column":64},"end":{"line":306,"column":65}}],"line":306},"56":{"loc":{"start":{"line":307,"column":17},"end":{"line":307,"column":63}},"type":"binary-expr","locations":[{"start":{"line":307,"column":17},"end":{"line":307,"column":58}},{"start":{"line":307,"column":62},"end":{"line":307,"column":63}}],"line":307},"57":{"loc":{"start":{"line":311,"column":4},"end":{"line":311,"column":67}},"type":"if","locations":[{"start":{"line":311,"column":4},"end":{"line":311,"column":67}},{"start":{},"end":{}}],"line":311},"58":{"loc":{"start":{"line":311,"column":39},"end":{"line":311,"column":66}},"type":"binary-expr","locations":[{"start":{"line":311,"column":39},"end":{"line":311,"column":60}},{"start":{"line":311,"column":64},"end":{"line":311,"column":66}}],"line":311},"59":{"loc":{"start":{"line":316,"column":13},"end":{"line":316,"column":40}},"type":"binary-expr","locations":[{"start":{"line":316,"column":13},"end":{"line":316,"column":34}},{"start":{"line":316,"column":38},"end":{"line":316,"column":40}}],"line":316},"60":{"loc":{"start":{"line":335,"column":4},"end":{"line":335,"column":42}},"type":"if","locations":[{"start":{"line":335,"column":4},"end":{"line":335,"column":42}},{"start":{},"end":{}}],"line":335},"61":{"loc":{"start":{"line":339,"column":4},"end":{"line":339,"column":46}},"type":"if","locations":[{"start":{"line":339,"column":4},"end":{"line":339,"column":46}},{"start":{},"end":{}}],"line":339},"62":{"loc":{"start":{"line":345,"column":8},"end":{"line":345,"column":63}},"type":"if","locations":[{"start":{"line":345,"column":8},"end":{"line":345,"column":63}},{"start":{},"end":{}}],"line":345},"63":{"loc":{"start":{"line":345,"column":12},"end":{"line":345,"column":54}},"type":"binary-expr","locations":[{"start":{"line":345,"column":12},"end":{"line":345,"column":19}},{"start":{"line":345,"column":23},"end":{"line":345,"column":54}}],"line":345},"64":{"loc":{"start":{"line":348,"column":24},"end":{"line":348,"column":59}},"type":"binary-expr","locations":[{"start":{"line":348,"column":24},"end":{"line":348,"column":54}},{"start":{"line":348,"column":58},"end":{"line":348,"column":59}}],"line":348},"65":{"loc":{"start":{"line":349,"column":23},"end":{"line":349,"column":101}},"type":"cond-expr","locations":[{"start":{"line":349,"column":75},"end":{"line":349,"column":86}},{"start":{"line":349,"column":89},"end":{"line":349,"column":101}}],"line":349},"66":{"loc":{"start":{"line":357,"column":4},"end":{"line":359,"column":5}},"type":"if","locations":[{"start":{"line":357,"column":4},"end":{"line":359,"column":5}},{"start":{},"end":{}}],"line":357},"67":{"loc":{"start":{"line":362,"column":4},"end":{"line":364,"column":5}},"type":"if","locations":[{"start":{"line":362,"column":4},"end":{"line":364,"column":5}},{"start":{},"end":{}}],"line":362},"68":{"loc":{"start":{"line":372,"column":6},"end":{"line":372,"column":65}},"type":"if","locations":[{"start":{"line":372,"column":6},"end":{"line":372,"column":65}},{"start":{},"end":{}}],"line":372},"69":{"loc":{"start":{"line":384,"column":8},"end":{"line":388,"column":9}},"type":"if","locations":[{"start":{"line":384,"column":8},"end":{"line":388,"column":9}},{"start":{},"end":{}}],"line":384},"70":{"loc":{"start":{"line":394,"column":8},"end":{"line":396,"column":9}},"type":"if","locations":[{"start":{"line":394,"column":8},"end":{"line":396,"column":9}},{"start":{},"end":{}}],"line":394},"71":{"loc":{"start":{"line":394,"column":12},"end":{"line":394,"column":40}},"type":"binary-expr","locations":[{"start":{"line":394,"column":12},"end":{"line":394,"column":21}},{"start":{"line":394,"column":25},"end":{"line":394,"column":40}}],"line":394},"72":{"loc":{"start":{"line":424,"column":4},"end":{"line":424,"column":31}},"type":"if","locations":[{"start":{"line":424,"column":4},"end":{"line":424,"column":31}},{"start":{},"end":{}}],"line":424},"73":{"loc":{"start":{"line":436,"column":23},"end":{"line":436,"column":47}},"type":"binary-expr","locations":[{"start":{"line":436,"column":23},"end":{"line":436,"column":42}},{"start":{"line":436,"column":46},"end":{"line":436,"column":47}}],"line":436},"74":{"loc":{"start":{"line":437,"column":25},"end":{"line":437,"column":48}},"type":"binary-expr","locations":[{"start":{"line":437,"column":25},"end":{"line":437,"column":43}},{"start":{"line":437,"column":47},"end":{"line":437,"column":48}}],"line":437},"75":{"loc":{"start":{"line":438,"column":19},"end":{"line":438,"column":67}},"type":"cond-expr","locations":[{"start":{"line":438,"column":38},"end":{"line":438,"column":62}},{"start":{"line":438,"column":65},"end":{"line":438,"column":67}}],"line":438},"76":{"loc":{"start":{"line":458,"column":6},"end":{"line":462,"column":7}},"type":"if","locations":[{"start":{"line":458,"column":6},"end":{"line":462,"column":7}},{"start":{"line":460,"column":13},"end":{"line":462,"column":7}}],"line":458},"77":{"loc":{"start":{"line":467,"column":4},"end":{"line":469,"column":5}},"type":"if","locations":[{"start":{"line":467,"column":4},"end":{"line":469,"column":5}},{"start":{},"end":{}}],"line":467},"78":{"loc":{"start":{"line":471,"column":4},"end":{"line":471,"column":87}},"type":"if","locations":[{"start":{"line":471,"column":4},"end":{"line":471,"column":87}},{"start":{},"end":{}}],"line":471},"79":{"loc":{"start":{"line":476,"column":4},"end":{"line":476,"column":33}},"type":"if","locations":[{"start":{"line":476,"column":4},"end":{"line":476,"column":33}},{"start":{},"end":{}}],"line":476},"80":{"loc":{"start":{"line":478,"column":4},"end":{"line":481,"column":5}},"type":"if","locations":[{"start":{"line":478,"column":4},"end":{"line":481,"column":5}},{"start":{},"end":{}}],"line":478},"81":{"loc":{"start":{"line":487,"column":26},"end":{"line":487,"column":102}},"type":"binary-expr","locations":[{"start":{"line":487,"column":26},"end":{"line":487,"column":41}},{"start":{"line":487,"column":46},"end":{"line":487,"column":101}}],"line":487},"82":{"loc":{"start":{"line":487,"column":46},"end":{"line":487,"column":101}},"type":"cond-expr","locations":[{"start":{"line":487,"column":64},"end":{"line":487,"column":93}},{"start":{"line":487,"column":96},"end":{"line":487,"column":101}}],"line":487},"83":{"loc":{"start":{"line":493,"column":58},"end":{"line":493,"column":104}},"type":"cond-expr","locations":[{"start":{"line":493,"column":89},"end":{"line":493,"column":94}},{"start":{"line":493,"column":97},"end":{"line":493,"column":104}}],"line":493},"84":{"loc":{"start":{"line":494,"column":10},"end":{"line":494,"column":132}},"type":"cond-expr","locations":[{"start":{"line":494,"column":22},"end":{"line":494,"column":127}},{"start":{"line":494,"column":130},"end":{"line":494,"column":132}}],"line":494},"85":{"loc":{"start":{"line":501,"column":0},"end":{"line":527,"column":1}},"type":"if","locations":[{"start":{"line":501,"column":0},"end":{"line":527,"column":1}},{"start":{},"end":{}}],"line":501},"86":{"loc":{"start":{"line":502,"column":2},"end":{"line":505,"column":31}},"type":"binary-expr","locations":[{"start":{"line":502,"column":2},"end":{"line":502,"column":31}},{"start":{"line":503,"column":2},"end":{"line":503,"column":33}},{"start":{"line":504,"column":2},"end":{"line":504,"column":47}},{"start":{"line":505,"column":2},"end":{"line":505,"column":31}}],"line":502},"87":{"loc":{"start":{"line":521,"column":2},"end":{"line":525,"column":3}},"type":"if","locations":[{"start":{"line":521,"column":2},"end":{"line":525,"column":3}},{"start":{"line":523,"column":9},"end":{"line":525,"column":3}}],"line":521},"88":{"loc":{"start":{"line":529,"column":0},"end":{"line":537,"column":1}},"type":"if","locations":[{"start":{"line":529,"column":0},"end":{"line":537,"column":1}},{"start":{},"end":{}}],"line":529},"89":{"loc":{"start":{"line":529,"column":4},"end":{"line":529,"column":51}},"type":"binary-expr","locations":[{"start":{"line":529,"column":4},"end":{"line":529,"column":33}},{"start":{"line":529,"column":37},"end":{"line":529,"column":51}}],"line":529}},"s":{"0":1,"1":1,"2":1,"3":1,"4":0,"5":1,"6":0,"7":1,"8":2,"9":2,"10":2,"11":2,"12":2,"13":2,"14":0,"15":0,"16":0,"17":0,"18":0,"19":0,"20":0,"21":0,"22":0,"23":0,"24":0,"25":0,"26":0,"27":0,"28":0,"29":0,"30":0,"31":0,"32":0,"33":1,"34":1,"35":18,"36":18,"37":18,"38":18,"39":12,"40":11,"41":1,"42":1,"43":1,"44":6,"45":6,"46":6,"47":3,"48":3,"49":3,"50":3,"51":1,"52":2,"53":3,"54":3,"55":3,"56":2,"57":1,"58":1,"59":4,"60":5,"61":3,"62":1,"63":2,"64":2,"65":2,"66":2,"67":2,"68":2,"69":2,"70":2,"71":2,"72":2,"73":27,"74":27,"75":27,"76":27,"77":27,"78":27,"79":0,"80":0,"81":0,"82":0,"83":0,"84":4,"85":4,"86":4,"87":2,"88":1,"89":1,"90":3,"91":2,"92":1,"93":1,"94":1,"95":1,"96":1,"97":1,"98":1,"99":6,"100":36,"101":26,"102":10,"103":10,"104":0,"105":10,"106":10,"107":3,"108":1,"109":2,"110":2,"111":12,"112":2,"113":1,"114":1,"115":1,"116":1,"117":1,"118":0,"119":1,"120":1,"121":1,"122":1,"123":0,"124":0,"125":1,"126":1,"127":0,"128":1,"129":1,"130":2,"131":2,"132":2,"133":2,"134":2,"135":12,"136":12,"137":11,"138":1,"139":1,"140":1,"141":1,"142":2,"143":1,"144":1,"145":1,"146":1,"147":1,"148":1,"149":1,"150":1,"151":1,"152":2,"153":2,"154":1,"155":1,"156":1,"157":1,"158":1,"159":1,"160":1,"161":1,"162":1,"163":1,"164":1,"165":1,"166":1,"167":1,"168":0,"169":1,"170":0,"171":1,"172":1,"173":1,"174":1,"175":1,"176":0,"177":1,"178":1,"179":1,"180":1,"181":1,"182":1,"183":1,"184":1,"185":1,"186":0,"187":1,"188":1,"189":1,"190":0,"191":1,"192":1,"193":6,"194":6,"195":6,"196":1,"197":1,"198":2,"199":2,"200":2,"201":2,"202":2,"203":2,"204":1,"205":1,"206":1,"207":2,"208":2,"209":2,"210":2,"211":1,"212":2,"213":1,"214":1,"215":1,"216":1,"217":2,"218":2,"219":1,"220":1,"221":0,"222":0,"223":1,"224":1,"225":0,"226":1,"227":1,"228":0,"229":0,"230":0,"231":0,"232":0,"233":0,"234":0,"235":0,"236":0,"237":0,"238":0,"239":0,"240":0,"241":0,"242":0,"243":0,"244":0,"245":0,"246":0,"247":0,"248":0,"249":0,"250":0,"251":0,"252":0,"253":0,"254":0,"255":0,"256":0,"257":0,"258":0,"259":0,"260":0,"261":1,"262":1,"263":1,"264":1,"265":1,"266":2,"267":2,"268":0,"269":2,"270":2,"271":1,"272":1,"273":1,"274":1,"275":1,"276":1,"277":1,"278":2,"279":1,"280":1,"281":1,"282":1,"283":0,"284":0,"285":0,"286":0,"287":0,"288":0,"289":0,"290":0,"291":0,"292":0,"293":0,"294":1,"295":1},"f":{"0":1,"1":2,"2":0,"3":0,"4":0,"5":18,"6":18,"7":1,"8":6,"9":3,"10":3,"11":4,"12":5,"13":3,"14":2,"15":2,"16":27,"17":0,"18":0,"19":0,"20":4,"21":2,"22":6,"23":36,"24":3,"25":12,"26":1,"27":0,"28":1,"29":2,"30":12,"31":2,"32":1,"33":1,"34":1,"35":1,"36":0,"37":0,"38":1,"39":6,"40":2,"41":2,"42":0,"43":1,"44":0,"45":0,"46":0,"47":2,"48":1,"49":2,"50":0},"b":{"0":[0,1],"1":[1,0,1,1],"2":[0,1],"3":[1,0,1],"4":[0],"5":[0],"6":[2],"7":[2,2],"8":[0,0],"9":[0,0],"10":[0,0],"11":[0,0],"12":[0,0],"13":[11,1],"14":[1,0],"15":[1,0],"16":[1,1],"17":[1,1],"18":[3,0],"19":[3,0],"20":[1,2],"21":[3,3],"22":[1,2],"23":[2,1],"24":[3,2],"25":[5,0],"26":[3],"27":[3],"28":[3],"29":[1,2],"30":[2,2],"31":[2,2],"32":[2,2],"33":[1,0],"34":[1,1],"35":[1,1],"36":[2,1],"37":[1,1],"38":[26,10],"39":[0,10],"40":[1,2],"41":[1,1],"42":[0,1],"43":[0,1],"44":[0,2],"45":[12,11],"46":[11,1],"47":[1,1],"48":[0,1],"49":[1,1],"50":[2,2],"51":[1,0],"52":[1,0],"53":[1,1],"54":[1,1],"55":[1,1],"56":[1,1],"57":[1,0],"58":[1,0],"59":[1,0],"60":[0,1],"61":[0,1],"62":[0,1],"63":[1,1],"64":[1,1],"65":[1,0],"66":[1,0],"67":[1,0],"68":[6,0],"69":[1,1],"70":[1,1],"71":[2,1],"72":[0,1],"73":[0,0],"74":[0,0],"75":[0,0],"76":[0,0],"77":[1,0],"78":[1,0],"79":[0,2],"80":[1,1],"81":[1,0],"82":[0,0],"83":[0,1],"84":[1,0],"85":[0,1],"86":[1,1,1,1],"87":[0,0],"88":[1,0],"89":[1,1]},"_coverageSchema":"1a1c01bbd47fc00a2c39e90264f33305004495a9","hash":"afa2c51e1e46090bb58d578913337874b0174a9e"}
}
