TN:
SF:order.js
FN:1,(anonymous_0)
FN:14,(anonymous_1)
FN:25,(anonymous_2)
FN:42,(anonymous_3)
FN:54,(anonymous_4)
FN:73,(anonymous_5)
FN:78,(anonymous_6)
FN:83,(anonymous_7)
FN:95,(anonymous_8)
FN:103,(anonymous_9)
FN:122,(anonymous_10)
FN:128,(anonymous_11)
FN:129,(anonymous_12)
FN:132,(anonymous_13)
FN:144,(anonymous_14)
FN:148,(anonymous_15)
FN:154,(anonymous_16)
FN:170,(anonymous_17)
FN:175,(anonymous_18)
FN:180,(anonymous_19)
FN:184,(anonymous_20)
FN:195,(anonymous_21)
FN:207,(anonymous_22)
FN:208,(anonymous_23)
FN:217,(anonymous_24)
FN:221,(anonymous_25)
FN:227,(anonymous_26)
FN:236,(anonymous_27)
FN:244,(anonymous_28)
FN:250,(anonymous_29)
FN:256,(anonymous_30)
FN:296,(anonymous_31)
FN:323,(anonymous_32)
FN:338,(anonymous_33)
FN:342,(anonymous_34)
FN:343,(anonymous_35)
FN:358,(anonymous_36)
FN:363,(anonymous_37)
FN:369,(anonymous_38)
FN:370,(anonymous_39)
FN:378,(anonymous_40)
FN:408,(anonymous_41)
FN:417,(anonymous_42)
FN:422,(anonymous_43)
FN:426,(anonymous_44)
FN:450,(anonymous_45)
FN:456,(anonymous_46)
FN:474,(anonymous_47)
FN:482,(anonymous_48)
FN:486,(anonymous_49)
FN:514,initializeOrderPage
FNF:51
FNH:37
FNDA:1,(anonymous_0)
FNDA:2,(anonymous_1)
FNDA:0,(anonymous_2)
FNDA:0,(anonymous_3)
FNDA:0,(anonymous_4)
FNDA:18,(anonymous_5)
FNDA:18,(anonymous_6)
FNDA:1,(anonymous_7)
FNDA:6,(anonymous_8)
FNDA:3,(anonymous_9)
FNDA:3,(anonymous_10)
FNDA:4,(anonymous_11)
FNDA:5,(anonymous_12)
FNDA:3,(anonymous_13)
FNDA:2,(anonymous_14)
FNDA:2,(anonymous_15)
FNDA:27,(anonymous_16)
FNDA:0,(anonymous_17)
FNDA:0,(anonymous_18)
FNDA:0,(anonymous_19)
FNDA:4,(anonymous_20)
FNDA:2,(anonymous_21)
FNDA:6,(anonymous_22)
FNDA:36,(anonymous_23)
FNDA:3,(anonymous_24)
FNDA:12,(anonymous_25)
FNDA:1,(anonymous_26)
FNDA:0,(anonymous_27)
FNDA:1,(anonymous_28)
FNDA:2,(anonymous_29)
FNDA:12,(anonymous_30)
FNDA:2,(anonymous_31)
FNDA:1,(anonymous_32)
FNDA:1,(anonymous_33)
FNDA:1,(anonymous_34)
FNDA:1,(anonymous_35)
FNDA:0,(anonymous_36)
FNDA:0,(anonymous_37)
FNDA:1,(anonymous_38)
FNDA:6,(anonymous_39)
FNDA:2,(anonymous_40)
FNDA:2,(anonymous_41)
FNDA:0,(anonymous_42)
FNDA:1,(anonymous_43)
FNDA:0,(anonymous_44)
FNDA:0,(anonymous_45)
FNDA:0,(anonymous_46)
FNDA:2,(anonymous_47)
FNDA:1,(anonymous_48)
FNDA:2,(anonymous_49)
FNDA:0,initializeOrderPage
DA:1,1
DA:2,1
DA:3,1
DA:4,1
DA:5,0
DA:7,1
DA:8,0
DA:10,1
DA:15,2
DA:16,2
DA:17,2
DA:18,2
DA:19,2
DA:20,2
DA:26,0
DA:37,0
DA:38,0
DA:39,0
DA:43,0
DA:44,0
DA:45,0
DA:46,0
DA:48,0
DA:49,0
DA:50,0
DA:51,0
DA:55,0
DA:56,0
DA:57,0
DA:61,1
DA:63,1
DA:74,18
DA:75,18
DA:79,18
DA:80,18
DA:81,12
DA:82,1
DA:83,1
DA:91,6
DA:96,6
DA:97,6
DA:104,3
DA:105,3
DA:106,3
DA:113,3
DA:114,1
DA:116,2
DA:118,3
DA:119,3
DA:123,3
DA:124,1
DA:125,1
DA:129,5
DA:133,3
DA:134,2
DA:135,2
DA:136,2
DA:137,2
DA:138,2
DA:139,2
DA:140,2
DA:141,2
DA:145,2
DA:149,2
DA:155,27
DA:156,27
DA:157,27
DA:165,27
DA:166,27
DA:167,27
DA:171,0
DA:172,0
DA:176,0
DA:177,0
DA:181,0
DA:185,4
DA:186,4
DA:187,4
DA:188,2
DA:189,1
DA:192,3
DA:196,2
DA:197,1
DA:199,1
DA:200,1
DA:201,1
DA:202,1
DA:203,1
DA:204,1
DA:208,6
DA:209,36
DA:210,10
DA:211,10
DA:212,10
DA:213,10
DA:218,3
DA:219,2
DA:221,12
DA:222,2
DA:223,1
DA:224,1
DA:227,1
DA:228,1
DA:229,1
DA:230,1
DA:231,1
DA:232,1
DA:236,1
DA:237,0
DA:238,0
DA:240,1
DA:245,1
DA:246,1
DA:247,1
DA:251,2
DA:252,2
DA:253,2
DA:254,2
DA:256,2
DA:257,12
DA:258,12
DA:260,1
DA:261,1
DA:262,1
DA:268,1
DA:271,2
DA:272,1
DA:273,1
DA:276,1
DA:277,1
DA:278,1
DA:279,1
DA:285,1
DA:292,1
DA:293,1
DA:297,2
DA:298,2
DA:300,1
DA:301,1
DA:310,1
DA:311,1
DA:313,1
DA:319,1
DA:320,1
DA:324,1
DA:332,1
DA:333,1
DA:334,1
DA:335,1
DA:339,1
DA:341,1
DA:342,1
DA:343,1
DA:344,1
DA:345,1
DA:347,1
DA:348,1
DA:349,1
DA:350,1
DA:351,1
DA:352,1
DA:356,1
DA:357,1
DA:358,1
DA:361,1
DA:362,1
DA:363,1
DA:366,1
DA:370,1
DA:371,6
DA:372,6
DA:374,1
DA:375,1
DA:379,2
DA:380,2
DA:381,2
DA:382,2
DA:383,2
DA:384,2
DA:385,1
DA:386,1
DA:387,1
DA:391,2
DA:392,2
DA:393,2
DA:394,2
DA:395,1
DA:399,2
DA:400,1
DA:401,1
DA:402,1
DA:404,1
DA:409,2
DA:410,2
DA:411,1
DA:413,1
DA:418,0
DA:419,0
DA:423,1
DA:424,1
DA:425,1
DA:426,1
DA:427,0
DA:428,0
DA:429,0
DA:430,0
DA:431,0
DA:432,0
DA:434,0
DA:435,0
DA:436,0
DA:437,0
DA:438,0
DA:439,0
DA:441,0
DA:442,0
DA:443,0
DA:444,0
DA:446,0
DA:447,0
DA:448,0
DA:449,0
DA:450,0
DA:452,0
DA:453,0
DA:454,0
DA:455,0
DA:456,0
DA:458,0
DA:459,0
DA:461,0
DA:464,0
DA:465,0
DA:467,1
DA:468,1
DA:470,1
DA:471,1
DA:475,2
DA:476,2
DA:477,2
DA:478,2
DA:479,1
DA:480,1
DA:482,1
DA:483,1
DA:484,1
DA:485,1
DA:486,2
DA:487,1
DA:488,1
DA:496,1
DA:501,1
DA:508,0
DA:509,0
DA:510,0
DA:512,0
DA:515,0
DA:516,0
DA:517,0
DA:518,0
DA:521,0
DA:522,0
DA:524,0
DA:529,1
DA:530,1
LF:265
LH:197
BRDA:4,0,0,0
BRDA:4,0,1,1
BRDA:4,1,0,1
BRDA:4,1,1,0
BRDA:4,1,2,1
BRDA:4,1,3,1
BRDA:7,2,0,0
BRDA:7,2,1,1
BRDA:7,3,0,1
BRDA:7,3,1,0
BRDA:7,3,2,1
BRDA:14,4,0,0
BRDA:14,5,0,0
BRDA:14,6,0,2
BRDA:20,7,0,2
BRDA:20,7,1,2
BRDA:37,8,0,0
BRDA:37,8,1,0
BRDA:46,9,0,0
BRDA:46,9,1,0
BRDA:48,10,0,0
BRDA:48,10,1,0
BRDA:50,11,0,0
BRDA:50,11,1,0
BRDA:56,12,0,0
BRDA:56,12,1,0
BRDA:81,13,0,11
BRDA:81,13,1,1
BRDA:83,14,0,1
BRDA:83,14,1,0
BRDA:85,15,0,1
BRDA:85,15,1,0
BRDA:86,16,0,1
BRDA:86,16,1,1
BRDA:88,17,0,1
BRDA:88,17,1,1
BRDA:104,18,0,3
BRDA:104,18,1,0
BRDA:105,19,0,3
BRDA:105,19,1,0
BRDA:108,20,0,1
BRDA:108,20,1,2
BRDA:111,21,0,3
BRDA:111,21,1,3
BRDA:113,22,0,1
BRDA:113,22,1,2
BRDA:123,23,0,2
BRDA:123,23,1,1
BRDA:123,24,0,3
BRDA:123,24,1,2
BRDA:129,25,0,5
BRDA:129,25,1,0
BRDA:132,26,0,3
BRDA:132,27,0,3
BRDA:132,28,0,3
BRDA:133,29,0,1
BRDA:133,29,1,2
BRDA:136,30,0,2
BRDA:136,30,1,2
BRDA:137,31,0,2
BRDA:137,31,1,2
BRDA:187,32,0,2
BRDA:187,32,1,2
BRDA:189,33,0,1
BRDA:189,33,1,0
BRDA:189,34,0,1
BRDA:189,34,1,1
BRDA:196,35,0,1
BRDA:196,35,1,1
BRDA:196,36,0,2
BRDA:196,36,1,1
BRDA:201,37,0,1
BRDA:201,37,1,1
BRDA:209,38,0,26
BRDA:209,38,1,10
BRDA:211,39,0,0
BRDA:211,39,1,10
BRDA:218,40,0,1
BRDA:218,40,1,2
BRDA:222,41,0,1
BRDA:222,41,1,1
BRDA:229,42,0,0
BRDA:229,42,1,1
BRDA:245,43,0,0
BRDA:245,43,1,1
BRDA:252,44,0,0
BRDA:252,44,1,2
BRDA:257,45,0,12
BRDA:257,45,1,11
BRDA:258,46,0,11
BRDA:258,46,1,1
BRDA:271,47,0,1
BRDA:271,47,1,1
BRDA:278,48,0,0
BRDA:278,48,1,1
BRDA:298,49,0,1
BRDA:298,49,1,1
BRDA:298,50,0,2
BRDA:298,50,1,2
BRDA:302,51,0,1
BRDA:302,51,1,0
BRDA:303,52,0,1
BRDA:303,52,1,0
BRDA:304,53,0,1
BRDA:304,53,1,1
BRDA:305,54,0,1
BRDA:305,54,1,1
BRDA:306,55,0,1
BRDA:306,55,1,1
BRDA:307,56,0,1
BRDA:307,56,1,1
BRDA:311,57,0,1
BRDA:311,57,1,0
BRDA:311,58,0,1
BRDA:311,58,1,0
BRDA:316,59,0,1
BRDA:316,59,1,0
BRDA:335,60,0,0
BRDA:335,60,1,1
BRDA:339,61,0,0
BRDA:339,61,1,1
BRDA:345,62,0,0
BRDA:345,62,1,1
BRDA:345,63,0,1
BRDA:345,63,1,1
BRDA:348,64,0,1
BRDA:348,64,1,1
BRDA:349,65,0,1
BRDA:349,65,1,0
BRDA:357,66,0,1
BRDA:357,66,1,0
BRDA:362,67,0,1
BRDA:362,67,1,0
BRDA:372,68,0,6
BRDA:372,68,1,0
BRDA:384,69,0,1
BRDA:384,69,1,1
BRDA:394,70,0,1
BRDA:394,70,1,1
BRDA:394,71,0,2
BRDA:394,71,1,1
BRDA:424,72,0,0
BRDA:424,72,1,1
BRDA:436,73,0,0
BRDA:436,73,1,0
BRDA:437,74,0,0
BRDA:437,74,1,0
BRDA:438,75,0,0
BRDA:438,75,1,0
BRDA:458,76,0,0
BRDA:458,76,1,0
BRDA:467,77,0,1
BRDA:467,77,1,0
BRDA:471,78,0,1
BRDA:471,78,1,0
BRDA:476,79,0,0
BRDA:476,79,1,2
BRDA:478,80,0,1
BRDA:478,80,1,1
BRDA:487,81,0,1
BRDA:487,81,1,0
BRDA:487,82,0,0
BRDA:487,82,1,0
BRDA:493,83,0,0
BRDA:493,83,1,1
BRDA:494,84,0,1
BRDA:494,84,1,0
BRDA:501,85,0,0
BRDA:501,85,1,1
BRDA:502,86,0,1
BRDA:502,86,1,1
BRDA:502,86,2,1
BRDA:502,86,3,1
BRDA:521,87,0,0
BRDA:521,87,1,0
BRDA:529,88,0,1
BRDA:529,88,1,0
BRDA:529,89,0,1
BRDA:529,89,1,1
BRF:179
BRH:119
end_of_record
